
**** Build of configuration Debug for project lab_7 ****

"C:\\ti\\ccs1031\\ccs\\utils\\bin\\gmake" -k -j 8 all -O 
 
Building file: "../Lab6_main.c"
Invoking: Arm Compiler
"C:/ti/ccs1031/ccs/tools/compiler/ti-cgt-arm_20.2.4.LTS/bin/armcl" -mv7M4 --code_state=16 --float_support=FPv4SPD16 -me --include_path="C:/ti/TivaWare_C_Series-2.1.4.178" --include_path="C:/Users/dsr/Downloads/288Lab/288Lab-master/lab_7" --include_path="C:/ti/ccs1031/ccs/tools/compiler/ti-cgt-arm_20.2.4.LTS/include" --define=ccs="ccs" --define=PART_TM4C123GH6PM -g --gcc --diag_warning=225 --diag_wrap=off --display_error_number --abi=eabi --preproc_with_compile --preproc_dependency="Lab6_main.d_raw"  "../Lab6_main.c"
Finished building: "../Lab6_main.c"
 
Building file: "../button.c"
Invoking: Arm Compiler
"C:/ti/ccs1031/ccs/tools/compiler/ti-cgt-arm_20.2.4.LTS/bin/armcl" -mv7M4 --code_state=16 --float_support=FPv4SPD16 -me --include_path="C:/ti/TivaWare_C_Series-2.1.4.178" --include_path="C:/Users/dsr/Downloads/288Lab/288Lab-master/lab_7" --include_path="C:/ti/ccs1031/ccs/tools/compiler/ti-cgt-arm_20.2.4.LTS/include" --define=ccs="ccs" --define=PART_TM4C123GH6PM -g --gcc --diag_warning=225 --diag_wrap=off --display_error_number --abi=eabi --preproc_with_compile --preproc_dependency="button.d_raw"  "../button.c"
"../button.c", line 88: warning #225-D: function "IntRegister" declared implicitly
Finished building: "../button.c"
 
Building file: "../Timer.c"
Invoking: Arm Compiler
"C:/ti/ccs1031/ccs/tools/compiler/ti-cgt-arm_20.2.4.LTS/bin/armcl" -mv7M4 --code_state=16 --float_support=FPv4SPD16 -me --include_path="C:/ti/TivaWare_C_Series-2.1.4.178" --include_path="C:/Users/dsr/Downloads/288Lab/288Lab-master/lab_7" --include_path="C:/ti/ccs1031/ccs/tools/compiler/ti-cgt-arm_20.2.4.LTS/include" --define=ccs="ccs" --define=PART_TM4C123GH6PM -g --gcc --diag_warning=225 --diag_wrap=off --display_error_number --abi=eabi --preproc_with_compile --preproc_dependency="Timer.d_raw"  "../Timer.c"
Finished building: "../Timer.c"
 
Building file: "../lcd.c"
Invoking: Arm Compiler
"C:/ti/ccs1031/ccs/tools/compiler/ti-cgt-arm_20.2.4.LTS/bin/armcl" -mv7M4 --code_state=16 --float_support=FPv4SPD16 -me --include_path="C:/ti/TivaWare_C_Series-2.1.4.178" --include_path="C:/Users/dsr/Downloads/288Lab/288Lab-master/lab_7" --include_path="C:/ti/ccs1031/ccs/tools/compiler/ti-cgt-arm_20.2.4.LTS/include" --define=ccs="ccs" --define=PART_TM4C123GH6PM -g --gcc --diag_warning=225 --diag_wrap=off --display_error_number --abi=eabi --preproc_with_compile --preproc_dependency="lcd.d_raw"  "../lcd.c"
Finished building: "../lcd.c"
 
Building file: "../tm4c123gh6pm_startup_ccs.c"
Invoking: Arm Compiler
"C:/ti/ccs1031/ccs/tools/compiler/ti-cgt-arm_20.2.4.LTS/bin/armcl" -mv7M4 --code_state=16 --float_support=FPv4SPD16 -me --include_path="C:/ti/TivaWare_C_Series-2.1.4.178" --include_path="C:/Users/dsr/Downloads/288Lab/288Lab-master/lab_7" --include_path="C:/ti/ccs1031/ccs/tools/compiler/ti-cgt-arm_20.2.4.LTS/include" --define=ccs="ccs" --define=PART_TM4C123GH6PM -g --gcc --diag_warning=225 --diag_wrap=off --display_error_number --abi=eabi --preproc_with_compile --preproc_dependency="tm4c123gh6pm_startup_ccs.d_raw"  "../tm4c123gh6pm_startup_ccs.c"
Finished building: "../tm4c123gh6pm_startup_ccs.c"
 
Building file: "../mission_helper.c"
Invoking: Arm Compiler
"C:/ti/ccs1031/ccs/tools/compiler/ti-cgt-arm_20.2.4.LTS/bin/armcl" -mv7M4 --code_state=16 --float_support=FPv4SPD16 -me --include_path="C:/ti/TivaWare_C_Series-2.1.4.178" --include_path="C:/Users/dsr/Downloads/288Lab/288Lab-master/lab_7" --include_path="C:/ti/ccs1031/ccs/tools/compiler/ti-cgt-arm_20.2.4.LTS/include" --define=ccs="ccs" --define=PART_TM4C123GH6PM -g --gcc --diag_warning=225 --diag_wrap=off --display_error_number --abi=eabi --preproc_with_compile --preproc_dependency="mission_helper.d_raw"  "../mission_helper.c"
Finished building: "../mission_helper.c"
 
Building file: "../main.c"
Invoking: Arm Compiler
"C:/ti/ccs1031/ccs/tools/compiler/ti-cgt-arm_20.2.4.LTS/bin/armcl" -mv7M4 --code_state=16 --float_support=FPv4SPD16 -me --include_path="C:/ti/TivaWare_C_Series-2.1.4.178" --include_path="C:/Users/dsr/Downloads/288Lab/288Lab-master/lab_7" --include_path="C:/ti/ccs1031/ccs/tools/compiler/ti-cgt-arm_20.2.4.LTS/include" --define=ccs="ccs" --define=PART_TM4C123GH6PM -g --gcc --diag_warning=225 --diag_wrap=off --display_error_number --abi=eabi --preproc_with_compile --preproc_dependency="main.d_raw"  "../main.c"
"../main.c", line 51: warning #552-D: variable "prev_dist" was set but never used
"../main.c", line 225: warning #112-D: statement is unreachable
Finished building: "../main.c"
 
Building file: "../uart.c"
Invoking: Arm Compiler
"C:/ti/ccs1031/ccs/tools/compiler/ti-cgt-arm_20.2.4.LTS/bin/armcl" -mv7M4 --code_state=16 --float_support=FPv4SPD16 -me --include_path="C:/ti/TivaWare_C_Series-2.1.4.178" --include_path="C:/Users/dsr/Downloads/288Lab/288Lab-master/lab_7" --include_path="C:/ti/ccs1031/ccs/tools/compiler/ti-cgt-arm_20.2.4.LTS/include" --define=ccs="ccs" --define=PART_TM4C123GH6PM -g --gcc --diag_warning=225 --diag_wrap=off --display_error_number --abi=eabi --preproc_with_compile --preproc_dependency="uart.d_raw"  "../uart.c"
Finished building: "../uart.c"
 
Building file: "../movement.c"
Invoking: Arm Compiler
"C:/ti/ccs1031/ccs/tools/compiler/ti-cgt-arm_20.2.4.LTS/bin/armcl" -mv7M4 --code_state=16 --float_support=FPv4SPD16 -me --include_path="C:/ti/TivaWare_C_Series-2.1.4.178" --include_path="C:/Users/dsr/Downloads/288Lab/288Lab-master/lab_7" --include_path="C:/ti/ccs1031/ccs/tools/compiler/ti-cgt-arm_20.2.4.LTS/include" --define=ccs="ccs" --define=PART_TM4C123GH6PM -g --gcc --diag_warning=225 --diag_wrap=off --display_error_number --abi=eabi --preproc_with_compile --preproc_dependency="movement.d_raw"  "../movement.c"
"../movement.c", line 154: warning #179-D: variable "sum" was declared but never referenced
"../movement.c", line 156: warning #179-D: variable "horizontal_dist" was declared but never referenced
Finished building: "../movement.c"
 
Building file: "../open_interface.c"
Invoking: Arm Compiler
"C:/ti/ccs1031/ccs/tools/compiler/ti-cgt-arm_20.2.4.LTS/bin/armcl" -mv7M4 --code_state=16 --float_support=FPv4SPD16 -me --include_path="C:/ti/TivaWare_C_Series-2.1.4.178" --include_path="C:/Users/dsr/Downloads/288Lab/288Lab-master/lab_7" --include_path="C:/ti/ccs1031/ccs/tools/compiler/ti-cgt-arm_20.2.4.LTS/include" --define=ccs="ccs" --define=PART_TM4C123GH6PM -g --gcc --diag_warning=225 --diag_wrap=off --display_error_number --abi=eabi --preproc_with_compile --preproc_dependency="open_interface.d_raw"  "../open_interface.c"
"../open_interface.c", line 356: warning #179-D: variable "charging_state" was declared but never referenced
Finished building: "../open_interface.c"
 
Building target: "lab_7.out"
Invoking: Arm Linker
"C:/ti/ccs1031/ccs/tools/compiler/ti-cgt-arm_20.2.4.LTS/bin/armcl" -mv7M4 --code_state=16 --float_support=FPv4SPD16 -me --define=ccs="ccs" --define=PART_TM4C123GH6PM -g --gcc --diag_warning=225 --diag_wrap=off --display_error_number --abi=eabi -z -m"lab_7.map" --heap_size=1024 --stack_size=2048 -i"C:/ti/ccs1031/ccs/tools/compiler/ti-cgt-arm_20.2.4.LTS/lib" -i"C:/ti/ccs1031/ccs/tools/compiler/ti-cgt-arm_20.2.4.LTS/include" --reread_libs --diag_wrap=off --display_error_number --warn_sections --xml_link_info="lab_7_linkInfo.xml" --rom_model -o "lab_7.out" "./Lab6_main.obj" "./Timer.obj" "./button.obj" "./lcd.obj" "./main.obj" "./mission_helper.obj" "./movement.obj" "./open_interface.obj" "./tm4c123gh6pm_startup_ccs.obj" "./uart.obj" "../libcybotScan.lib" "../libcybotUART.lib" "../tm4c123gh6pm.cmd" "../dvt/libcybotScan.lib"  -l"C:/ti/TivaWare_C_Series-2.1.4.178/driverlib/ccs/Debug/driverlib.lib" -llibc.a 
<Linking>
Finished building target: "lab_7.out"
 

**** Build Finished ****
