
**** Build of configuration Debug for project lab_1 ****

"C:\\ti\\ccs1031\\ccs\\utils\\bin\\gmake" -k -j 8 all -O 
 
Building file: "../Timer.c"
Invoking: Arm Compiler
"C:/ti/ccs1031/ccs/tools/compiler/ti-cgt-arm_20.2.4.LTS/bin/armcl" -mv7M4 --code_state=16 --float_support=FPv4SPD16 -me --include_path="C:/ti/TivaWare_C_Series-2.1.4.178" --include_path="C:/Users/dsr/Downloads/288Lab/288Lab-master/lab_1" --include_path="C:/ti/ccs1031/ccs/tools/compiler/ti-cgt-arm_20.2.4.LTS/include" --define=ccs="ccs" --define=PART_TM4C123GH6PM -g --gcc --diag_warning=225 --diag_wrap=off --display_error_number --abi=eabi --preproc_with_compile --preproc_dependency="Timer.d_raw"  "../Timer.c"
Finished building: "../Timer.c"
 
Building file: "../helloworld.c"
Invoking: Arm Compiler
"C:/ti/ccs1031/ccs/tools/compiler/ti-cgt-arm_20.2.4.LTS/bin/armcl" -mv7M4 --code_state=16 --float_support=FPv4SPD16 -me --include_path="C:/ti/TivaWare_C_Series-2.1.4.178" --include_path="C:/Users/dsr/Downloads/288Lab/288Lab-master/lab_1" --include_path="C:/ti/ccs1031/ccs/tools/compiler/ti-cgt-arm_20.2.4.LTS/include" --define=ccs="ccs" --define=PART_TM4C123GH6PM -g --gcc --diag_warning=225 --diag_wrap=off --display_error_number --abi=eabi --preproc_with_compile --preproc_dependency="helloworld.d_raw"  "../helloworld.c"
"../helloworld.c", line 99: warning #112-D: statement is unreachable
Finished building: "../helloworld.c"
 
Building file: "../tm4c123gh6pm_startup_ccs.c"
Invoking: Arm Compiler
"C:/ti/ccs1031/ccs/tools/compiler/ti-cgt-arm_20.2.4.LTS/bin/armcl" -mv7M4 --code_state=16 --float_support=FPv4SPD16 -me --include_path="C:/ti/TivaWare_C_Series-2.1.4.178" --include_path="C:/Users/dsr/Downloads/288Lab/288Lab-master/lab_1" --include_path="C:/ti/ccs1031/ccs/tools/compiler/ti-cgt-arm_20.2.4.LTS/include" --define=ccs="ccs" --define=PART_TM4C123GH6PM -g --gcc --diag_warning=225 --diag_wrap=off --display_error_number --abi=eabi --preproc_with_compile --preproc_dependency="tm4c123gh6pm_startup_ccs.d_raw"  "../tm4c123gh6pm_startup_ccs.c"
Finished building: "../tm4c123gh6pm_startup_ccs.c"
 
Building file: "../resetSimulation.c"
Invoking: Arm Compiler
"C:/ti/ccs1031/ccs/tools/compiler/ti-cgt-arm_20.2.4.LTS/bin/armcl" -mv7M4 --code_state=16 --float_support=FPv4SPD16 -me --include_path="C:/ti/TivaWare_C_Series-2.1.4.178" --include_path="C:/Users/dsr/Downloads/288Lab/288Lab-master/lab_1" --include_path="C:/ti/ccs1031/ccs/tools/compiler/ti-cgt-arm_20.2.4.LTS/include" --define=ccs="ccs" --define=PART_TM4C123GH6PM -g --gcc --diag_warning=225 --diag_wrap=off --display_error_number --abi=eabi --preproc_with_compile --preproc_dependency="resetSimulation.d_raw"  "../resetSimulation.c"
Finished building: "../resetSimulation.c"
 
Building file: "../lcd.c"
Invoking: Arm Compiler
"C:/ti/ccs1031/ccs/tools/compiler/ti-cgt-arm_20.2.4.LTS/bin/armcl" -mv7M4 --code_state=16 --float_support=FPv4SPD16 -me --include_path="C:/ti/TivaWare_C_Series-2.1.4.178" --include_path="C:/Users/dsr/Downloads/288Lab/288Lab-master/lab_1" --include_path="C:/ti/ccs1031/ccs/tools/compiler/ti-cgt-arm_20.2.4.LTS/include" --define=ccs="ccs" --define=PART_TM4C123GH6PM -g --gcc --diag_warning=225 --diag_wrap=off --display_error_number --abi=eabi --preproc_with_compile --preproc_dependency="lcd.d_raw"  "../lcd.c"
Finished building: "../lcd.c"
 
Building target: "lab_1.out"
Invoking: Arm Linker
"C:/ti/ccs1031/ccs/tools/compiler/ti-cgt-arm_20.2.4.LTS/bin/armcl" -mv7M4 --code_state=16 --float_support=FPv4SPD16 -me --define=ccs="ccs" --define=PART_TM4C123GH6PM -g --gcc --diag_warning=225 --diag_wrap=off --display_error_number --abi=eabi -z -m"lab_1.map" --heap_size=1024 --stack_size=2048 -i"C:/ti/ccs1031/ccs/tools/compiler/ti-cgt-arm_20.2.4.LTS/lib" -i"C:/ti/ccs1031/ccs/tools/compiler/ti-cgt-arm_20.2.4.LTS/include" --reread_libs --diag_wrap=off --display_error_number --warn_sections --xml_link_info="lab_1_linkInfo.xml" --rom_model -o "lab_1.out" "./Timer.obj" "./helloworld.obj" "./lcd.obj" "./resetSimulation.obj" "./tm4c123gh6pm_startup_ccs.obj" "../tm4c123gh6pm.cmd"  -l"C:/ti/TivaWare_C_Series-2.1.4.178/driverlib/ccs/Debug/driverlib.lib" -llibc.a 
<Linking>
Finished building target: "lab_1.out"
 

**** Build Finished ****
